<?xml version="1.0" encoding="UTF-8"?>
<!-- Generated by org.testng.reporters.JUnitXMLReporter -->
<testsuite ignored="0" hostname="DESKTOP-3NE3VV9" failures="0" tests="14" name="Tutorials Ninja Tests" time="5.316" errors="0" timestamp="2023-07-21T10:41:42 IST">
  <testcase classname="com.tutorialsninja.qa.tests.RegisterTest" name="@BeforeMethod setUpMethod" time="1.79">
    <failure type="org.openqa.selenium.SessionNotCreatedException" message="Could not start a new session. Response code 500. Message: session not created: This version of ChromeDriver only supports Chrome version 114
Current browser version is 116.0.5845.42 with binary path C:\Program Files\Google\Chrome\Application\chrome.exe 
Host info: host: &amp;apos;DESKTOP-3NE3VV9&amp;apos;, ip: &amp;apos;192.168.0.105&amp;apos;
Build info: version: &amp;apos;4.10.0&amp;apos;, revision: &amp;apos;c14d967899&amp;apos;
System info: os.name: &amp;apos;Windows 10&amp;apos;, os.arch: &amp;apos;amd64&amp;apos;, os.version: &amp;apos;10.0&amp;apos;, java.version: &amp;apos;17.0.8&amp;apos;
Driver info: org.openqa.selenium.chrome.ChromeDriver
Command: [null, newSession {capabilities=[Capabilities {browserName: chrome, goog:chromeOptions: {args: [--remote-allow-origins=*], extensions: []}}]}]">
      <![CDATA[org.openqa.selenium.SessionNotCreatedException: Could not start a new session. Response code 500. Message: session not created: This version of ChromeDriver only supports Chrome version 114
Current browser version is 116.0.5845.42 with binary path C:\Program Files\Google\Chrome\Application\chrome.exe 
Host info: host: 'DESKTOP-3NE3VV9', ip: '192.168.0.105'
Build info: version: '4.10.0', revision: 'c14d967899'
System info: os.name: 'Windows 10', os.arch: 'amd64', os.version: '10.0', java.version: '17.0.8'
Driver info: org.openqa.selenium.chrome.ChromeDriver
Command: [null, newSession {capabilities=[Capabilities {browserName: chrome, goog:chromeOptions: {args: [--remote-allow-origins=*], extensions: []}}]}]
at org.openqa.selenium.remote.ProtocolHandshake.createSession(ProtocolHandshake.java:140)
at org.openqa.selenium.remote.ProtocolHandshake.createSession(ProtocolHandshake.java:96)
at org.openqa.selenium.remote.ProtocolHandshake.createSession(ProtocolHandshake.java:68)
at org.openqa.selenium.remote.HttpCommandExecutor.execute(HttpCommandExecutor.java:163)
at org.openqa.selenium.remote.service.DriverCommandExecutor.invokeExecute(DriverCommandExecutor.java:196)
at org.openqa.selenium.remote.service.DriverCommandExecutor.execute(DriverCommandExecutor.java:171)
at org.openqa.selenium.remote.RemoteWebDriver.execute(RemoteWebDriver.java:531)
at org.openqa.selenium.remote.RemoteWebDriver.startSession(RemoteWebDriver.java:227)
at org.openqa.selenium.remote.RemoteWebDriver.<init>(RemoteWebDriver.java:154)
at org.openqa.selenium.chromium.ChromiumDriver.<init>(ChromiumDriver.java:107)
at org.openqa.selenium.chrome.ChromeDriver.<init>(ChromeDriver.java:87)
at org.openqa.selenium.chrome.ChromeDriver.<init>(ChromeDriver.java:82)
at org.openqa.selenium.chrome.ChromeDriver.<init>(ChromeDriver.java:50)
at com.tutorialsninja.qa.base.BaseClass.initializeBrowserandOpenAppUrl(BaseClass.java:48)
at com.tutorialsninja.qa.tests.RegisterTest.setUpMethod(RegisterTest.java:26)
at java.base/java.util.ArrayList.forEach(ArrayList.java:1511)
... Removed 31 stack frames]]>
    </failure>
  </testcase> <!-- @BeforeMethod setUpMethod -->
  <testcase classname="com.tutorialsninja.qa.tests.RegisterTest" name="@AfterMethod tearDown" time="0.0">
    <skipped/>
  </testcase> <!-- @AfterMethod tearDown -->
  <testcase classname="com.tutorialsninja.qa.tests.RegisterTest" name="@BeforeMethod setUpMethod" time="0.0">
    <skipped/>
  </testcase> <!-- @BeforeMethod setUpMethod -->
  <testcase classname="com.tutorialsninja.qa.tests.RegisterTest" name="@AfterMethod tearDown" time="0.0">
    <skipped/>
  </testcase> <!-- @AfterMethod tearDown -->
  <testcase classname="com.tutorialsninja.qa.tests.RegisterTest" name="@BeforeMethod setUpMethod" time="0.0">
    <skipped/>
  </testcase> <!-- @BeforeMethod setUpMethod -->
  <testcase classname="com.tutorialsninja.qa.tests.RegisterTest" name="@AfterMethod tearDown" time="0.0">
    <skipped/>
  </testcase> <!-- @AfterMethod tearDown -->
  <testcase classname="com.tutorialsninja.qa.tests.RegisterTest" name="@BeforeMethod setUpMethod" time="0.0">
    <skipped/>
  </testcase> <!-- @BeforeMethod setUpMethod -->
  <testcase classname="com.tutorialsninja.qa.tests.RegisterTest" name="@AfterMethod tearDown" time="0.0">
    <skipped/>
  </testcase> <!-- @AfterMethod tearDown -->
  <testcase classname="com.tutorialsninja.qa.tests.LoginTest" name="@BeforeMethod setupMethod" time="1.24">
    <failure type="org.openqa.selenium.SessionNotCreatedException" message="Could not start a new session. Response code 500. Message: session not created: This version of ChromeDriver only supports Chrome version 114
Current browser version is 116.0.5845.42 with binary path C:\Program Files\Google\Chrome\Application\chrome.exe 
Host info: host: &amp;apos;DESKTOP-3NE3VV9&amp;apos;, ip: &amp;apos;192.168.0.105&amp;apos;
Build info: version: &amp;apos;4.10.0&amp;apos;, revision: &amp;apos;c14d967899&amp;apos;
System info: os.name: &amp;apos;Windows 10&amp;apos;, os.arch: &amp;apos;amd64&amp;apos;, os.version: &amp;apos;10.0&amp;apos;, java.version: &amp;apos;17.0.8&amp;apos;
Driver info: org.openqa.selenium.chrome.ChromeDriver
Command: [null, newSession {capabilities=[Capabilities {browserName: chrome, goog:chromeOptions: {args: [--remote-allow-origins=*], extensions: []}}]}]">
      <![CDATA[org.openqa.selenium.SessionNotCreatedException: Could not start a new session. Response code 500. Message: session not created: This version of ChromeDriver only supports Chrome version 114
Current browser version is 116.0.5845.42 with binary path C:\Program Files\Google\Chrome\Application\chrome.exe 
Host info: host: 'DESKTOP-3NE3VV9', ip: '192.168.0.105'
Build info: version: '4.10.0', revision: 'c14d967899'
System info: os.name: 'Windows 10', os.arch: 'amd64', os.version: '10.0', java.version: '17.0.8'
Driver info: org.openqa.selenium.chrome.ChromeDriver
Command: [null, newSession {capabilities=[Capabilities {browserName: chrome, goog:chromeOptions: {args: [--remote-allow-origins=*], extensions: []}}]}]
at org.openqa.selenium.remote.ProtocolHandshake.createSession(ProtocolHandshake.java:140)
at org.openqa.selenium.remote.ProtocolHandshake.createSession(ProtocolHandshake.java:96)
at org.openqa.selenium.remote.ProtocolHandshake.createSession(ProtocolHandshake.java:68)
at org.openqa.selenium.remote.HttpCommandExecutor.execute(HttpCommandExecutor.java:163)
at org.openqa.selenium.remote.service.DriverCommandExecutor.invokeExecute(DriverCommandExecutor.java:196)
at org.openqa.selenium.remote.service.DriverCommandExecutor.execute(DriverCommandExecutor.java:171)
at org.openqa.selenium.remote.RemoteWebDriver.execute(RemoteWebDriver.java:531)
at org.openqa.selenium.remote.RemoteWebDriver.startSession(RemoteWebDriver.java:227)
at org.openqa.selenium.remote.RemoteWebDriver.<init>(RemoteWebDriver.java:154)
at org.openqa.selenium.chromium.ChromiumDriver.<init>(ChromiumDriver.java:107)
at org.openqa.selenium.chrome.ChromeDriver.<init>(ChromeDriver.java:87)
at org.openqa.selenium.chrome.ChromeDriver.<init>(ChromeDriver.java:82)
at org.openqa.selenium.chrome.ChromeDriver.<init>(ChromeDriver.java:50)
at com.tutorialsninja.qa.base.BaseClass.initializeBrowserandOpenAppUrl(BaseClass.java:48)
at com.tutorialsninja.qa.tests.LoginTest.setupMethod(LoginTest.java:30)
at java.base/java.util.ArrayList.forEach(ArrayList.java:1511)
... Removed 31 stack frames]]>
    </failure>
  </testcase> <!-- @BeforeMethod setupMethod -->
  <testcase classname="com.tutorialsninja.qa.tests.LoginTest" name="@AfterMethod tearDown" time="0.0">
    <skipped/>
  </testcase> <!-- @AfterMethod tearDown -->
  <testcase classname="com.tutorialsninja.qa.tests.LoginTest" name="@BeforeMethod setupMethod" time="0.0">
    <skipped/>
  </testcase> <!-- @BeforeMethod setupMethod -->
  <testcase classname="com.tutorialsninja.qa.tests.LoginTest" name="@AfterMethod tearDown" time="0.0">
    <skipped/>
  </testcase> <!-- @AfterMethod tearDown -->
  <testcase classname="com.tutorialsninja.qa.tests.LoginTest" name="@BeforeMethod setupMethod" time="0.0">
    <skipped/>
  </testcase> <!-- @BeforeMethod setupMethod -->
  <testcase classname="com.tutorialsninja.qa.tests.LoginTest" name="@AfterMethod tearDown" time="0.0">
    <skipped/>
  </testcase> <!-- @AfterMethod tearDown -->
  <testcase classname="com.tutorialsninja.qa.tests.LoginTest" name="@BeforeMethod setupMethod" time="0.0">
    <skipped/>
  </testcase> <!-- @BeforeMethod setupMethod -->
  <testcase classname="com.tutorialsninja.qa.tests.LoginTest" name="@AfterMethod tearDown" time="0.0">
    <skipped/>
  </testcase> <!-- @AfterMethod tearDown -->
  <testcase classname="com.tutorialsninja.qa.tests.LoginTest" name="@BeforeMethod setupMethod" time="0.0">
    <skipped/>
  </testcase> <!-- @BeforeMethod setupMethod -->
  <testcase classname="com.tutorialsninja.qa.tests.LoginTest" name="@AfterMethod tearDown" time="0.0">
    <skipped/>
  </testcase> <!-- @AfterMethod tearDown -->
  <testcase classname="com.tutorialsninja.qa.tests.LoginTest" name="@BeforeMethod setupMethod" time="0.0">
    <skipped/>
  </testcase> <!-- @BeforeMethod setupMethod -->
  <testcase classname="com.tutorialsninja.qa.tests.LoginTest" name="@AfterMethod tearDown" time="0.0">
    <skipped/>
  </testcase> <!-- @AfterMethod tearDown -->
  <testcase classname="com.tutorialsninja.qa.tests.LoginTest" name="@BeforeMethod setupMethod" time="0.0">
    <skipped/>
  </testcase> <!-- @BeforeMethod setupMethod -->
  <testcase classname="com.tutorialsninja.qa.tests.LoginTest" name="@AfterMethod tearDown" time="0.0">
    <skipped/>
  </testcase> <!-- @AfterMethod tearDown -->
  <testcase classname="com.tutorialsninja.qa.tests.SearchTest" name="@BeforeMethod setUp" time="0.979">
    <failure type="org.openqa.selenium.SessionNotCreatedException" message="Could not start a new session. Response code 500. Message: session not created: This version of ChromeDriver only supports Chrome version 114
Current browser version is 116.0.5845.42 with binary path C:\Program Files\Google\Chrome\Application\chrome.exe 
Host info: host: &amp;apos;DESKTOP-3NE3VV9&amp;apos;, ip: &amp;apos;192.168.0.105&amp;apos;
Build info: version: &amp;apos;4.10.0&amp;apos;, revision: &amp;apos;c14d967899&amp;apos;
System info: os.name: &amp;apos;Windows 10&amp;apos;, os.arch: &amp;apos;amd64&amp;apos;, os.version: &amp;apos;10.0&amp;apos;, java.version: &amp;apos;17.0.8&amp;apos;
Driver info: org.openqa.selenium.chrome.ChromeDriver
Command: [null, newSession {capabilities=[Capabilities {browserName: chrome, goog:chromeOptions: {args: [--remote-allow-origins=*], extensions: []}}]}]">
      <![CDATA[org.openqa.selenium.SessionNotCreatedException: Could not start a new session. Response code 500. Message: session not created: This version of ChromeDriver only supports Chrome version 114
Current browser version is 116.0.5845.42 with binary path C:\Program Files\Google\Chrome\Application\chrome.exe 
Host info: host: 'DESKTOP-3NE3VV9', ip: '192.168.0.105'
Build info: version: '4.10.0', revision: 'c14d967899'
System info: os.name: 'Windows 10', os.arch: 'amd64', os.version: '10.0', java.version: '17.0.8'
Driver info: org.openqa.selenium.chrome.ChromeDriver
Command: [null, newSession {capabilities=[Capabilities {browserName: chrome, goog:chromeOptions: {args: [--remote-allow-origins=*], extensions: []}}]}]
at org.openqa.selenium.remote.ProtocolHandshake.createSession(ProtocolHandshake.java:140)
at org.openqa.selenium.remote.ProtocolHandshake.createSession(ProtocolHandshake.java:96)
at org.openqa.selenium.remote.ProtocolHandshake.createSession(ProtocolHandshake.java:68)
at org.openqa.selenium.remote.HttpCommandExecutor.execute(HttpCommandExecutor.java:163)
at org.openqa.selenium.remote.service.DriverCommandExecutor.invokeExecute(DriverCommandExecutor.java:196)
at org.openqa.selenium.remote.service.DriverCommandExecutor.execute(DriverCommandExecutor.java:171)
at org.openqa.selenium.remote.RemoteWebDriver.execute(RemoteWebDriver.java:531)
at org.openqa.selenium.remote.RemoteWebDriver.startSession(RemoteWebDriver.java:227)
at org.openqa.selenium.remote.RemoteWebDriver.<init>(RemoteWebDriver.java:154)
at org.openqa.selenium.chromium.ChromiumDriver.<init>(ChromiumDriver.java:107)
at org.openqa.selenium.chrome.ChromeDriver.<init>(ChromeDriver.java:87)
at org.openqa.selenium.chrome.ChromeDriver.<init>(ChromeDriver.java:82)
at org.openqa.selenium.chrome.ChromeDriver.<init>(ChromeDriver.java:50)
at com.tutorialsninja.qa.base.BaseClass.initializeBrowserandOpenAppUrl(BaseClass.java:48)
at com.tutorialsninja.qa.tests.SearchTest.setUp(SearchTest.java:24)
at java.base/java.util.ArrayList.forEach(ArrayList.java:1511)
... Removed 31 stack frames]]>
    </failure>
  </testcase> <!-- @BeforeMethod setUp -->
  <testcase classname="com.tutorialsninja.qa.tests.SearchTest" name="@AfterMethod tearDown" time="0.0">
    <skipped/>
  </testcase> <!-- @AfterMethod tearDown -->
  <testcase classname="com.tutorialsninja.qa.tests.SearchTest" name="@BeforeMethod setUp" time="0.0">
    <skipped/>
  </testcase> <!-- @BeforeMethod setUp -->
  <testcase classname="com.tutorialsninja.qa.tests.SearchTest" name="@AfterMethod tearDown" time="0.0">
    <skipped/>
  </testcase> <!-- @AfterMethod tearDown -->
  <testcase classname="com.tutorialsninja.qa.tests.RegisterTest" name="verifyRegisterAccWithMandFields" time="0.0">
    <skipped/>
  </testcase> <!-- verifyRegisterAccWithMandFields -->
  <testcase classname="com.tutorialsninja.qa.tests.RegisterTest" name="verifyRegisteringaccwithAllfields" time="0.0">
    <skipped/>
  </testcase> <!-- verifyRegisteringaccwithAllfields -->
  <testcase classname="com.tutorialsninja.qa.tests.RegisterTest" name="verifyRegisteringAccwithExistingEmailAddress" time="0.001">
    <skipped/>
  </testcase> <!-- verifyRegisteringAccwithExistingEmailAddress -->
  <testcase classname="com.tutorialsninja.qa.tests.RegisterTest" name="verifyRegisteringAccwithoutfillingDetails" time="0.001">
    <skipped/>
  </testcase> <!-- verifyRegisteringAccwithoutfillingDetails -->
  <testcase classname="com.tutorialsninja.qa.tests.LoginTest" name="verifyLoginWithValidCred" time="0.0">
    <skipped/>
  </testcase> <!-- verifyLoginWithValidCred -->
  <testcase classname="com.tutorialsninja.qa.tests.LoginTest" name="verifyLoginWithValidCred" time="0.0">
    <skipped/>
  </testcase> <!-- verifyLoginWithValidCred -->
  <testcase classname="com.tutorialsninja.qa.tests.LoginTest" name="verifyLoginWithValidCred" time="0.0">
    <skipped/>
  </testcase> <!-- verifyLoginWithValidCred -->
  <testcase classname="com.tutorialsninja.qa.tests.LoginTest" name="verifyLoginWithInvalidCred" time="0.001">
    <skipped/>
  </testcase> <!-- verifyLoginWithInvalidCred -->
  <testcase classname="com.tutorialsninja.qa.tests.LoginTest" name="verifyLnwithInvalidEmailandValidPassword" time="0.0">
    <skipped/>
  </testcase> <!-- verifyLnwithInvalidEmailandValidPassword -->
  <testcase classname="com.tutorialsninja.qa.tests.LoginTest" name="verifyLoginwithValidEmailandInvalidPassword" time="0.0">
    <skipped/>
  </testcase> <!-- verifyLoginwithValidEmailandInvalidPassword -->
  <testcase classname="com.tutorialsninja.qa.tests.LoginTest" name="verifyLoginwithoutProvidingCred" time="0.0">
    <skipped/>
  </testcase> <!-- verifyLoginwithoutProvidingCred -->
  <testcase classname="com.tutorialsninja.qa.tests.SearchTest" name="verifySearchWithValidProduct" time="0.0">
    <skipped/>
  </testcase> <!-- verifySearchWithValidProduct -->
  <testcase classname="com.tutorialsninja.qa.tests.SearchTest" name="verifySearchWithInvalidProduct" time="0.0">
    <skipped/>
  </testcase> <!-- verifySearchWithInvalidProduct -->
  <testcase classname="com.tutorialsninja.qa.tests.SearchTest" name="verifySearchWithoutAnyProduct" time="0.0">
    <skipped/>
  </testcase> <!-- verifySearchWithoutAnyProduct -->
</testsuite> <!-- Tutorials Ninja Tests -->
