<!DOCTYPE html PUBLIC "-//W3C//DTD XHTML 1.1//EN" "https://www.w3.org/TR/xhtml11/DTD/xhtml11.dtd">
<html xmlns="https://www.w3.org/1999/xhtml">
<head>
<meta http-equiv="content-type" content="text/html; charset=UTF-8"/>
<title>TestNG Report</title>
<style type="text/css">table {margin-bottom:10px;border-collapse:collapse;empty-cells:show}th,td {border:1px solid #009;padding:.25em .5em}th {vertical-align:bottom}td {vertical-align:top}table a {font-weight:bold}.stripe td {background-color: #E6EBF9}.num {text-align:right}.passedodd td {background-color: #3F3}.passedeven td {background-color: #0A0}.skippedodd td {background-color: #DDD}.skippedeven td {background-color: #CCC}.failedodd td,.attn {background-color: #F33}.failedeven td,.stripe .attn {background-color: #D00}.stacktrace {white-space:pre;font-family:monospace}.totop {font-size:85%;text-align:center;border-bottom:2px solid #000}.invisible {display:none}</style>
</head>
<body>
<table>
<tr><th>Test</th><th># Passed</th><th># Skipped</th><th># Retried</th><th># Failed</th><th>Time (ms)</th><th>Included Groups</th><th>Excluded Groups</th></tr>
<tr><th colspan="8">Tutorials Ninja Automation Test Suite</th></tr>
<tr><td><a href="#t0">Tutorials Ninja Tests</a></td><td class="num">0</td><td class="num attn">14</td><td class="num">0</td><td class="num">0</td><td class="num">5,316</td><td></td><td></td></tr>
</table>
<table id='summary'><thead><tr><th>Class</th><th>Method</th><th>Start</th><th>Time (ms)</th></tr></thead><tbody><tr><th colspan="4">Tutorials Ninja Automation Test Suite</th></tr></tbody><tbody id="t0"><tr><th colspan="4">Tutorials Ninja Tests &#8212; failed (configuration methods)</th></tr><tr class="failedeven"><td rowspan="1">com.tutorialsninja.qa.tests.LoginTest</td><td><a href="#m0">setupMethod</a></td><td rowspan="1">1689916298780</td><td rowspan="1">1240</td></tr><tr class="failedodd"><td rowspan="1">com.tutorialsninja.qa.tests.RegisterTest</td><td><a href="#m1">setUpMethod</a></td><td rowspan="1">1689916296185</td><td rowspan="1">1790</td></tr><tr class="failedeven"><td rowspan="1">com.tutorialsninja.qa.tests.SearchTest</td><td><a href="#m2">setUp</a></td><td rowspan="1">1689916300112</td><td rowspan="1">979</td></tr><tr><th colspan="4">Tutorials Ninja Tests &#8212; skipped (configuration methods)</th></tr><tr class="skippedeven"><td rowspan="13">com.tutorialsninja.qa.tests.LoginTest</td><td><a href="#m3">setupMethod</a></td><td rowspan="6">1689916300072</td><td rowspan="6">0</td></tr><tr class="skippedeven"><td><a href="#m4">setupMethod</a></td></tr><tr class="skippedeven"><td><a href="#m5">setupMethod</a></td></tr><tr class="skippedeven"><td><a href="#m6">setupMethod</a></td></tr><tr class="skippedeven"><td><a href="#m7">setupMethod</a></td></tr><tr class="skippedeven"><td><a href="#m8">setupMethod</a></td></tr><tr class="skippedeven"><td><a href="#m9">tearDown</a></td><td rowspan="7">1689916300056</td><td rowspan="7">0</td></tr><tr class="skippedeven"><td><a href="#m10">tearDown</a></td></tr><tr class="skippedeven"><td><a href="#m11">tearDown</a></td></tr><tr class="skippedeven"><td><a href="#m12">tearDown</a></td></tr><tr class="skippedeven"><td><a href="#m13">tearDown</a></td></tr><tr class="skippedeven"><td><a href="#m14">tearDown</a></td></tr><tr class="skippedeven"><td><a href="#m15">tearDown</a></td></tr><tr class="skippedodd"><td rowspan="7">com.tutorialsninja.qa.tests.RegisterTest</td><td><a href="#m16">setUpMethod</a></td><td rowspan="3">1689916298020</td><td rowspan="3">0</td></tr><tr class="skippedodd"><td><a href="#m17">setUpMethod</a></td></tr><tr class="skippedodd"><td><a href="#m18">setUpMethod</a></td></tr><tr class="skippedodd"><td><a href="#m19">tearDown</a></td><td rowspan="4">1689916298005</td><td rowspan="4">0</td></tr><tr class="skippedodd"><td><a href="#m20">tearDown</a></td></tr><tr class="skippedodd"><td><a href="#m21">tearDown</a></td></tr><tr class="skippedodd"><td><a href="#m22">tearDown</a></td></tr><tr class="skippedeven"><td rowspan="3">com.tutorialsninja.qa.tests.SearchTest</td><td><a href="#m23">setUp</a></td><td rowspan="1">1689916301098</td><td rowspan="1">0</td></tr><tr class="skippedeven"><td><a href="#m24">tearDown</a></td><td rowspan="2">1689916301104</td><td rowspan="2">0</td></tr><tr class="skippedeven"><td><a href="#m25">tearDown</a></td></tr><tr><th colspan="4">Tutorials Ninja Tests &#8212; skipped</th></tr><tr class="skippedeven"><td rowspan="7">com.tutorialsninja.qa.tests.LoginTest</td><td><a href="#m26">verifyLnwithInvalidEmailandValidPassword</a></td><td rowspan="1">1689916300073</td><td rowspan="1">0</td></tr><tr class="skippedeven"><td><a href="#m27">verifyLoginWithInvalidCred</a></td><td rowspan="1">1689916300061</td><td rowspan="1">1</td></tr><tr class="skippedeven"><td><a href="#m28">verifyLoginWithValidCred</a></td><td rowspan="3">1689916300037</td><td rowspan="3">0</td></tr><tr class="skippedeven"><td><a href="#m29">verifyLoginWithValidCred</a></td></tr><tr class="skippedeven"><td><a href="#m30">verifyLoginWithValidCred</a></td></tr><tr class="skippedeven"><td><a href="#m31">verifyLoginwithValidEmailandInvalidPassword</a></td><td rowspan="1">1689916300087</td><td rowspan="1">0</td></tr><tr class="skippedeven"><td><a href="#m32">verifyLoginwithoutProvidingCred</a></td><td rowspan="1">1689916300100</td><td rowspan="1">0</td></tr><tr class="skippedodd"><td rowspan="4">com.tutorialsninja.qa.tests.RegisterTest</td><td><a href="#m33">verifyRegisterAccWithMandFields</a></td><td rowspan="1">1689916297984</td><td rowspan="1">0</td></tr><tr class="skippedodd"><td><a href="#m34">verifyRegisteringAccwithExistingEmailAddress</a></td><td rowspan="1">1689916298021</td><td rowspan="1">1</td></tr><tr class="skippedodd"><td><a href="#m35">verifyRegisteringAccwithoutfillingDetails</a></td><td rowspan="1">1689916298032</td><td rowspan="1">1</td></tr><tr class="skippedodd"><td><a href="#m36">verifyRegisteringaccwithAllfields</a></td><td rowspan="1">1689916298011</td><td rowspan="1">0</td></tr><tr class="skippedeven"><td rowspan="3">com.tutorialsninja.qa.tests.SearchTest</td><td><a href="#m37">verifySearchWithInvalidProduct</a></td><td rowspan="1">1689916301099</td><td rowspan="1">0</td></tr><tr class="skippedeven"><td><a href="#m38">verifySearchWithValidProduct</a></td><td rowspan="1">1689916301092</td><td rowspan="1">0</td></tr><tr class="skippedeven"><td><a href="#m39">verifySearchWithoutAnyProduct</a></td><td rowspan="1">1689916301109</td><td rowspan="1">0</td></tr></tbody>
</table>
<h2>Tutorials Ninja Tests</h2><h3 id="m0">com.tutorialsninja.qa.tests.LoginTest#setupMethod</h3><table class="result"><tr><th>Exception</th></tr><tr><td><div class="stacktrace">org.openqa.selenium.SessionNotCreatedException: Could not start a new session. Response code 500. Message: session not created: This version of ChromeDriver only supports Chrome version 114
Current browser version is 116.0.5845.42 with binary path C:\Program Files\Google\Chrome\Application\chrome.exe 
Host info: host: &apos;DESKTOP-3NE3VV9&apos;, ip: &apos;192.168.0.105&apos;
Build info: version: &apos;4.10.0&apos;, revision: &apos;c14d967899&apos;
System info: os.name: &apos;Windows 10&apos;, os.arch: &apos;amd64&apos;, os.version: &apos;10.0&apos;, java.version: &apos;17.0.8&apos;
Driver info: org.openqa.selenium.chrome.ChromeDriver
Command: [null, newSession {capabilities=[Capabilities {browserName: chrome, goog:chromeOptions: {args: [--remote-allow-origins=*], extensions: []}}]}]
	at org.openqa.selenium.remote.ProtocolHandshake.createSession(ProtocolHandshake.java:140)
	at org.openqa.selenium.remote.ProtocolHandshake.createSession(ProtocolHandshake.java:96)
	at org.openqa.selenium.remote.ProtocolHandshake.createSession(ProtocolHandshake.java:68)
	at org.openqa.selenium.remote.HttpCommandExecutor.execute(HttpCommandExecutor.java:163)
	at org.openqa.selenium.remote.service.DriverCommandExecutor.invokeExecute(DriverCommandExecutor.java:196)
	at org.openqa.selenium.remote.service.DriverCommandExecutor.execute(DriverCommandExecutor.java:171)
	at org.openqa.selenium.remote.RemoteWebDriver.execute(RemoteWebDriver.java:531)
	at org.openqa.selenium.remote.RemoteWebDriver.startSession(RemoteWebDriver.java:227)
	at org.openqa.selenium.remote.RemoteWebDriver.&lt;init&gt;(RemoteWebDriver.java:154)
	at org.openqa.selenium.chromium.ChromiumDriver.&lt;init&gt;(ChromiumDriver.java:107)
	at org.openqa.selenium.chrome.ChromeDriver.&lt;init&gt;(ChromeDriver.java:87)
	at org.openqa.selenium.chrome.ChromeDriver.&lt;init&gt;(ChromeDriver.java:82)
	at org.openqa.selenium.chrome.ChromeDriver.&lt;init&gt;(ChromeDriver.java:50)
	at com.tutorialsninja.qa.base.BaseClass.initializeBrowserandOpenAppUrl(BaseClass.java:48)
	at com.tutorialsninja.qa.tests.LoginTest.setupMethod(LoginTest.java:30)
	at java.base/java.util.ArrayList.forEach(ArrayList.java:1511)
... Removed 31 stack frames</div></td></tr></table><p class="totop"><a href="#summary">back to summary</a></p>
<h3 id="m1">com.tutorialsninja.qa.tests.RegisterTest#setUpMethod</h3><table class="result"><tr><th>Exception</th></tr><tr><td><div class="stacktrace">org.openqa.selenium.SessionNotCreatedException: Could not start a new session. Response code 500. Message: session not created: This version of ChromeDriver only supports Chrome version 114
Current browser version is 116.0.5845.42 with binary path C:\Program Files\Google\Chrome\Application\chrome.exe 
Host info: host: &apos;DESKTOP-3NE3VV9&apos;, ip: &apos;192.168.0.105&apos;
Build info: version: &apos;4.10.0&apos;, revision: &apos;c14d967899&apos;
System info: os.name: &apos;Windows 10&apos;, os.arch: &apos;amd64&apos;, os.version: &apos;10.0&apos;, java.version: &apos;17.0.8&apos;
Driver info: org.openqa.selenium.chrome.ChromeDriver
Command: [null, newSession {capabilities=[Capabilities {browserName: chrome, goog:chromeOptions: {args: [--remote-allow-origins=*], extensions: []}}]}]
	at org.openqa.selenium.remote.ProtocolHandshake.createSession(ProtocolHandshake.java:140)
	at org.openqa.selenium.remote.ProtocolHandshake.createSession(ProtocolHandshake.java:96)
	at org.openqa.selenium.remote.ProtocolHandshake.createSession(ProtocolHandshake.java:68)
	at org.openqa.selenium.remote.HttpCommandExecutor.execute(HttpCommandExecutor.java:163)
	at org.openqa.selenium.remote.service.DriverCommandExecutor.invokeExecute(DriverCommandExecutor.java:196)
	at org.openqa.selenium.remote.service.DriverCommandExecutor.execute(DriverCommandExecutor.java:171)
	at org.openqa.selenium.remote.RemoteWebDriver.execute(RemoteWebDriver.java:531)
	at org.openqa.selenium.remote.RemoteWebDriver.startSession(RemoteWebDriver.java:227)
	at org.openqa.selenium.remote.RemoteWebDriver.&lt;init&gt;(RemoteWebDriver.java:154)
	at org.openqa.selenium.chromium.ChromiumDriver.&lt;init&gt;(ChromiumDriver.java:107)
	at org.openqa.selenium.chrome.ChromeDriver.&lt;init&gt;(ChromeDriver.java:87)
	at org.openqa.selenium.chrome.ChromeDriver.&lt;init&gt;(ChromeDriver.java:82)
	at org.openqa.selenium.chrome.ChromeDriver.&lt;init&gt;(ChromeDriver.java:50)
	at com.tutorialsninja.qa.base.BaseClass.initializeBrowserandOpenAppUrl(BaseClass.java:48)
	at com.tutorialsninja.qa.tests.RegisterTest.setUpMethod(RegisterTest.java:26)
	at java.base/java.util.ArrayList.forEach(ArrayList.java:1511)
... Removed 31 stack frames</div></td></tr></table><p class="totop"><a href="#summary">back to summary</a></p>
<h3 id="m2">com.tutorialsninja.qa.tests.SearchTest#setUp</h3><table class="result"><tr><th>Exception</th></tr><tr><td><div class="stacktrace">org.openqa.selenium.SessionNotCreatedException: Could not start a new session. Response code 500. Message: session not created: This version of ChromeDriver only supports Chrome version 114
Current browser version is 116.0.5845.42 with binary path C:\Program Files\Google\Chrome\Application\chrome.exe 
Host info: host: &apos;DESKTOP-3NE3VV9&apos;, ip: &apos;192.168.0.105&apos;
Build info: version: &apos;4.10.0&apos;, revision: &apos;c14d967899&apos;
System info: os.name: &apos;Windows 10&apos;, os.arch: &apos;amd64&apos;, os.version: &apos;10.0&apos;, java.version: &apos;17.0.8&apos;
Driver info: org.openqa.selenium.chrome.ChromeDriver
Command: [null, newSession {capabilities=[Capabilities {browserName: chrome, goog:chromeOptions: {args: [--remote-allow-origins=*], extensions: []}}]}]
	at org.openqa.selenium.remote.ProtocolHandshake.createSession(ProtocolHandshake.java:140)
	at org.openqa.selenium.remote.ProtocolHandshake.createSession(ProtocolHandshake.java:96)
	at org.openqa.selenium.remote.ProtocolHandshake.createSession(ProtocolHandshake.java:68)
	at org.openqa.selenium.remote.HttpCommandExecutor.execute(HttpCommandExecutor.java:163)
	at org.openqa.selenium.remote.service.DriverCommandExecutor.invokeExecute(DriverCommandExecutor.java:196)
	at org.openqa.selenium.remote.service.DriverCommandExecutor.execute(DriverCommandExecutor.java:171)
	at org.openqa.selenium.remote.RemoteWebDriver.execute(RemoteWebDriver.java:531)
	at org.openqa.selenium.remote.RemoteWebDriver.startSession(RemoteWebDriver.java:227)
	at org.openqa.selenium.remote.RemoteWebDriver.&lt;init&gt;(RemoteWebDriver.java:154)
	at org.openqa.selenium.chromium.ChromiumDriver.&lt;init&gt;(ChromiumDriver.java:107)
	at org.openqa.selenium.chrome.ChromeDriver.&lt;init&gt;(ChromeDriver.java:87)
	at org.openqa.selenium.chrome.ChromeDriver.&lt;init&gt;(ChromeDriver.java:82)
	at org.openqa.selenium.chrome.ChromeDriver.&lt;init&gt;(ChromeDriver.java:50)
	at com.tutorialsninja.qa.base.BaseClass.initializeBrowserandOpenAppUrl(BaseClass.java:48)
	at com.tutorialsninja.qa.tests.SearchTest.setUp(SearchTest.java:24)
	at java.base/java.util.ArrayList.forEach(ArrayList.java:1511)
... Removed 31 stack frames</div></td></tr></table><p class="totop"><a href="#summary">back to summary</a></p>
<h3 id="m3">com.tutorialsninja.qa.tests.LoginTest#setupMethod</h3><table class="result"><tr><th class="invisible"/></tr></table><p class="totop"><a href="#summary">back to summary</a></p>
<h3 id="m4">com.tutorialsninja.qa.tests.LoginTest#setupMethod</h3><table class="result"><tr><th class="invisible"/></tr></table><p class="totop"><a href="#summary">back to summary</a></p>
<h3 id="m5">com.tutorialsninja.qa.tests.LoginTest#setupMethod</h3><table class="result"><tr><th class="invisible"/></tr></table><p class="totop"><a href="#summary">back to summary</a></p>
<h3 id="m6">com.tutorialsninja.qa.tests.LoginTest#setupMethod</h3><table class="result"><tr><th class="invisible"/></tr></table><p class="totop"><a href="#summary">back to summary</a></p>
<h3 id="m7">com.tutorialsninja.qa.tests.LoginTest#setupMethod</h3><table class="result"><tr><th class="invisible"/></tr></table><p class="totop"><a href="#summary">back to summary</a></p>
<h3 id="m8">com.tutorialsninja.qa.tests.LoginTest#setupMethod</h3><table class="result"><tr><th class="invisible"/></tr></table><p class="totop"><a href="#summary">back to summary</a></p>
<h3 id="m9">com.tutorialsninja.qa.tests.LoginTest#tearDown</h3><table class="result"><tr><th class="invisible"/></tr></table><p class="totop"><a href="#summary">back to summary</a></p>
<h3 id="m10">com.tutorialsninja.qa.tests.LoginTest#tearDown</h3><table class="result"><tr><th class="invisible"/></tr></table><p class="totop"><a href="#summary">back to summary</a></p>
<h3 id="m11">com.tutorialsninja.qa.tests.LoginTest#tearDown</h3><table class="result"><tr><th class="invisible"/></tr></table><p class="totop"><a href="#summary">back to summary</a></p>
<h3 id="m12">com.tutorialsninja.qa.tests.LoginTest#tearDown</h3><table class="result"><tr><th class="invisible"/></tr></table><p class="totop"><a href="#summary">back to summary</a></p>
<h3 id="m13">com.tutorialsninja.qa.tests.LoginTest#tearDown</h3><table class="result"><tr><th class="invisible"/></tr></table><p class="totop"><a href="#summary">back to summary</a></p>
<h3 id="m14">com.tutorialsninja.qa.tests.LoginTest#tearDown</h3><table class="result"><tr><th class="invisible"/></tr></table><p class="totop"><a href="#summary">back to summary</a></p>
<h3 id="m15">com.tutorialsninja.qa.tests.LoginTest#tearDown</h3><table class="result"><tr><th class="invisible"/></tr></table><p class="totop"><a href="#summary">back to summary</a></p>
<h3 id="m16">com.tutorialsninja.qa.tests.RegisterTest#setUpMethod</h3><table class="result"><tr><th class="invisible"/></tr></table><p class="totop"><a href="#summary">back to summary</a></p>
<h3 id="m17">com.tutorialsninja.qa.tests.RegisterTest#setUpMethod</h3><table class="result"><tr><th class="invisible"/></tr></table><p class="totop"><a href="#summary">back to summary</a></p>
<h3 id="m18">com.tutorialsninja.qa.tests.RegisterTest#setUpMethod</h3><table class="result"><tr><th class="invisible"/></tr></table><p class="totop"><a href="#summary">back to summary</a></p>
<h3 id="m19">com.tutorialsninja.qa.tests.RegisterTest#tearDown</h3><table class="result"><tr><th class="invisible"/></tr></table><p class="totop"><a href="#summary">back to summary</a></p>
<h3 id="m20">com.tutorialsninja.qa.tests.RegisterTest#tearDown</h3><table class="result"><tr><th class="invisible"/></tr></table><p class="totop"><a href="#summary">back to summary</a></p>
<h3 id="m21">com.tutorialsninja.qa.tests.RegisterTest#tearDown</h3><table class="result"><tr><th class="invisible"/></tr></table><p class="totop"><a href="#summary">back to summary</a></p>
<h3 id="m22">com.tutorialsninja.qa.tests.RegisterTest#tearDown</h3><table class="result"><tr><th class="invisible"/></tr></table><p class="totop"><a href="#summary">back to summary</a></p>
<h3 id="m23">com.tutorialsninja.qa.tests.SearchTest#setUp</h3><table class="result"><tr><th class="invisible"/></tr></table><p class="totop"><a href="#summary">back to summary</a></p>
<h3 id="m24">com.tutorialsninja.qa.tests.SearchTest#tearDown</h3><table class="result"><tr><th class="invisible"/></tr></table><p class="totop"><a href="#summary">back to summary</a></p>
<h3 id="m25">com.tutorialsninja.qa.tests.SearchTest#tearDown</h3><table class="result"><tr><th class="invisible"/></tr></table><p class="totop"><a href="#summary">back to summary</a></p>
<h3 id="m26">com.tutorialsninja.qa.tests.LoginTest#verifyLnwithInvalidEmailandValidPassword</h3><table class="result"><tr><th>Exception</th></tr><tr><td><div class="stacktrace">org.openqa.selenium.SessionNotCreatedException: Could not start a new session. Response code 500. Message: session not created: This version of ChromeDriver only supports Chrome version 114
Current browser version is 116.0.5845.42 with binary path C:\Program Files\Google\Chrome\Application\chrome.exe 
Host info: host: &apos;DESKTOP-3NE3VV9&apos;, ip: &apos;192.168.0.105&apos;
Build info: version: &apos;4.10.0&apos;, revision: &apos;c14d967899&apos;
System info: os.name: &apos;Windows 10&apos;, os.arch: &apos;amd64&apos;, os.version: &apos;10.0&apos;, java.version: &apos;17.0.8&apos;
Driver info: org.openqa.selenium.chrome.ChromeDriver
Command: [null, newSession {capabilities=[Capabilities {browserName: chrome, goog:chromeOptions: {args: [--remote-allow-origins=*], extensions: []}}]}]
	at org.openqa.selenium.remote.ProtocolHandshake.createSession(ProtocolHandshake.java:140)
	at org.openqa.selenium.remote.ProtocolHandshake.createSession(ProtocolHandshake.java:96)
	at org.openqa.selenium.remote.ProtocolHandshake.createSession(ProtocolHandshake.java:68)
	at org.openqa.selenium.remote.HttpCommandExecutor.execute(HttpCommandExecutor.java:163)
	at org.openqa.selenium.remote.service.DriverCommandExecutor.invokeExecute(DriverCommandExecutor.java:196)
	at org.openqa.selenium.remote.service.DriverCommandExecutor.execute(DriverCommandExecutor.java:171)
	at org.openqa.selenium.remote.RemoteWebDriver.execute(RemoteWebDriver.java:531)
	at org.openqa.selenium.remote.RemoteWebDriver.startSession(RemoteWebDriver.java:227)
	at org.openqa.selenium.remote.RemoteWebDriver.&lt;init&gt;(RemoteWebDriver.java:154)
	at org.openqa.selenium.chromium.ChromiumDriver.&lt;init&gt;(ChromiumDriver.java:107)
	at org.openqa.selenium.chrome.ChromeDriver.&lt;init&gt;(ChromeDriver.java:87)
	at org.openqa.selenium.chrome.ChromeDriver.&lt;init&gt;(ChromeDriver.java:82)
	at org.openqa.selenium.chrome.ChromeDriver.&lt;init&gt;(ChromeDriver.java:50)
	at com.tutorialsninja.qa.base.BaseClass.initializeBrowserandOpenAppUrl(BaseClass.java:48)
	at com.tutorialsninja.qa.tests.LoginTest.setupMethod(LoginTest.java:30)
	at java.base/java.util.ArrayList.forEach(ArrayList.java:1511)
... Removed 31 stack frames</div></td></tr></table><p class="totop"><a href="#summary">back to summary</a></p>
<h3 id="m27">com.tutorialsninja.qa.tests.LoginTest#verifyLoginWithInvalidCred</h3><table class="result"><tr><th>Exception</th></tr><tr><td><div class="stacktrace">org.openqa.selenium.SessionNotCreatedException: Could not start a new session. Response code 500. Message: session not created: This version of ChromeDriver only supports Chrome version 114
Current browser version is 116.0.5845.42 with binary path C:\Program Files\Google\Chrome\Application\chrome.exe 
Host info: host: &apos;DESKTOP-3NE3VV9&apos;, ip: &apos;192.168.0.105&apos;
Build info: version: &apos;4.10.0&apos;, revision: &apos;c14d967899&apos;
System info: os.name: &apos;Windows 10&apos;, os.arch: &apos;amd64&apos;, os.version: &apos;10.0&apos;, java.version: &apos;17.0.8&apos;
Driver info: org.openqa.selenium.chrome.ChromeDriver
Command: [null, newSession {capabilities=[Capabilities {browserName: chrome, goog:chromeOptions: {args: [--remote-allow-origins=*], extensions: []}}]}]
	at org.openqa.selenium.remote.ProtocolHandshake.createSession(ProtocolHandshake.java:140)
	at org.openqa.selenium.remote.ProtocolHandshake.createSession(ProtocolHandshake.java:96)
	at org.openqa.selenium.remote.ProtocolHandshake.createSession(ProtocolHandshake.java:68)
	at org.openqa.selenium.remote.HttpCommandExecutor.execute(HttpCommandExecutor.java:163)
	at org.openqa.selenium.remote.service.DriverCommandExecutor.invokeExecute(DriverCommandExecutor.java:196)
	at org.openqa.selenium.remote.service.DriverCommandExecutor.execute(DriverCommandExecutor.java:171)
	at org.openqa.selenium.remote.RemoteWebDriver.execute(RemoteWebDriver.java:531)
	at org.openqa.selenium.remote.RemoteWebDriver.startSession(RemoteWebDriver.java:227)
	at org.openqa.selenium.remote.RemoteWebDriver.&lt;init&gt;(RemoteWebDriver.java:154)
	at org.openqa.selenium.chromium.ChromiumDriver.&lt;init&gt;(ChromiumDriver.java:107)
	at org.openqa.selenium.chrome.ChromeDriver.&lt;init&gt;(ChromeDriver.java:87)
	at org.openqa.selenium.chrome.ChromeDriver.&lt;init&gt;(ChromeDriver.java:82)
	at org.openqa.selenium.chrome.ChromeDriver.&lt;init&gt;(ChromeDriver.java:50)
	at com.tutorialsninja.qa.base.BaseClass.initializeBrowserandOpenAppUrl(BaseClass.java:48)
	at com.tutorialsninja.qa.tests.LoginTest.setupMethod(LoginTest.java:30)
	at java.base/java.util.ArrayList.forEach(ArrayList.java:1511)
... Removed 31 stack frames</div></td></tr></table><p class="totop"><a href="#summary">back to summary</a></p>
<h3 id="m28">com.tutorialsninja.qa.tests.LoginTest#verifyLoginWithValidCred</h3><table class="result"><tr class="param"><th>Parameter #1</th><th>Parameter #2</th></tr><tr class="param stripe"><td>sanketchaudhari31@gmail.com</td><td>12345</td></tr><tr><th colspan="2">Exception</th></tr><tr><td colspan="2"><div class="stacktrace">org.openqa.selenium.SessionNotCreatedException: Could not start a new session. Response code 500. Message: session not created: This version of ChromeDriver only supports Chrome version 114
Current browser version is 116.0.5845.42 with binary path C:\Program Files\Google\Chrome\Application\chrome.exe 
Host info: host: &apos;DESKTOP-3NE3VV9&apos;, ip: &apos;192.168.0.105&apos;
Build info: version: &apos;4.10.0&apos;, revision: &apos;c14d967899&apos;
System info: os.name: &apos;Windows 10&apos;, os.arch: &apos;amd64&apos;, os.version: &apos;10.0&apos;, java.version: &apos;17.0.8&apos;
Driver info: org.openqa.selenium.chrome.ChromeDriver
Command: [null, newSession {capabilities=[Capabilities {browserName: chrome, goog:chromeOptions: {args: [--remote-allow-origins=*], extensions: []}}]}]
	at org.openqa.selenium.remote.ProtocolHandshake.createSession(ProtocolHandshake.java:140)
	at org.openqa.selenium.remote.ProtocolHandshake.createSession(ProtocolHandshake.java:96)
	at org.openqa.selenium.remote.ProtocolHandshake.createSession(ProtocolHandshake.java:68)
	at org.openqa.selenium.remote.HttpCommandExecutor.execute(HttpCommandExecutor.java:163)
	at org.openqa.selenium.remote.service.DriverCommandExecutor.invokeExecute(DriverCommandExecutor.java:196)
	at org.openqa.selenium.remote.service.DriverCommandExecutor.execute(DriverCommandExecutor.java:171)
	at org.openqa.selenium.remote.RemoteWebDriver.execute(RemoteWebDriver.java:531)
	at org.openqa.selenium.remote.RemoteWebDriver.startSession(RemoteWebDriver.java:227)
	at org.openqa.selenium.remote.RemoteWebDriver.&lt;init&gt;(RemoteWebDriver.java:154)
	at org.openqa.selenium.chromium.ChromiumDriver.&lt;init&gt;(ChromiumDriver.java:107)
	at org.openqa.selenium.chrome.ChromeDriver.&lt;init&gt;(ChromeDriver.java:87)
	at org.openqa.selenium.chrome.ChromeDriver.&lt;init&gt;(ChromeDriver.java:82)
	at org.openqa.selenium.chrome.ChromeDriver.&lt;init&gt;(ChromeDriver.java:50)
	at com.tutorialsninja.qa.base.BaseClass.initializeBrowserandOpenAppUrl(BaseClass.java:48)
	at com.tutorialsninja.qa.tests.LoginTest.setupMethod(LoginTest.java:30)
	at java.base/java.util.ArrayList.forEach(ArrayList.java:1511)
... Removed 31 stack frames</div></td></tr></table><p class="totop"><a href="#summary">back to summary</a></p>
<h3 id="m29">com.tutorialsninja.qa.tests.LoginTest#verifyLoginWithValidCred</h3><table class="result"><tr class="param"><th>Parameter #1</th><th>Parameter #2</th></tr><tr class="param stripe"><td>sanket.chaudhari97@gmail.com</td><td>12345</td></tr><tr><th colspan="2">Exception</th></tr><tr><td colspan="2"><div class="stacktrace">org.openqa.selenium.SessionNotCreatedException: Could not start a new session. Response code 500. Message: session not created: This version of ChromeDriver only supports Chrome version 114
Current browser version is 116.0.5845.42 with binary path C:\Program Files\Google\Chrome\Application\chrome.exe 
Host info: host: &apos;DESKTOP-3NE3VV9&apos;, ip: &apos;192.168.0.105&apos;
Build info: version: &apos;4.10.0&apos;, revision: &apos;c14d967899&apos;
System info: os.name: &apos;Windows 10&apos;, os.arch: &apos;amd64&apos;, os.version: &apos;10.0&apos;, java.version: &apos;17.0.8&apos;
Driver info: org.openqa.selenium.chrome.ChromeDriver
Command: [null, newSession {capabilities=[Capabilities {browserName: chrome, goog:chromeOptions: {args: [--remote-allow-origins=*], extensions: []}}]}]
	at org.openqa.selenium.remote.ProtocolHandshake.createSession(ProtocolHandshake.java:140)
	at org.openqa.selenium.remote.ProtocolHandshake.createSession(ProtocolHandshake.java:96)
	at org.openqa.selenium.remote.ProtocolHandshake.createSession(ProtocolHandshake.java:68)
	at org.openqa.selenium.remote.HttpCommandExecutor.execute(HttpCommandExecutor.java:163)
	at org.openqa.selenium.remote.service.DriverCommandExecutor.invokeExecute(DriverCommandExecutor.java:196)
	at org.openqa.selenium.remote.service.DriverCommandExecutor.execute(DriverCommandExecutor.java:171)
	at org.openqa.selenium.remote.RemoteWebDriver.execute(RemoteWebDriver.java:531)
	at org.openqa.selenium.remote.RemoteWebDriver.startSession(RemoteWebDriver.java:227)
	at org.openqa.selenium.remote.RemoteWebDriver.&lt;init&gt;(RemoteWebDriver.java:154)
	at org.openqa.selenium.chromium.ChromiumDriver.&lt;init&gt;(ChromiumDriver.java:107)
	at org.openqa.selenium.chrome.ChromeDriver.&lt;init&gt;(ChromeDriver.java:87)
	at org.openqa.selenium.chrome.ChromeDriver.&lt;init&gt;(ChromeDriver.java:82)
	at org.openqa.selenium.chrome.ChromeDriver.&lt;init&gt;(ChromeDriver.java:50)
	at com.tutorialsninja.qa.base.BaseClass.initializeBrowserandOpenAppUrl(BaseClass.java:48)
	at com.tutorialsninja.qa.tests.LoginTest.setupMethod(LoginTest.java:30)
	at java.base/java.util.ArrayList.forEach(ArrayList.java:1511)
... Removed 31 stack frames</div></td></tr></table><p class="totop"><a href="#summary">back to summary</a></p>
<h3 id="m30">com.tutorialsninja.qa.tests.LoginTest#verifyLoginWithValidCred</h3><table class="result"><tr class="param"><th>Parameter #1</th><th>Parameter #2</th></tr><tr class="param stripe"><td>sanketchaudhari31897@gmail.com</td><td>67890</td></tr><tr><th colspan="2">Exception</th></tr><tr><td colspan="2"><div class="stacktrace">org.openqa.selenium.SessionNotCreatedException: Could not start a new session. Response code 500. Message: session not created: This version of ChromeDriver only supports Chrome version 114
Current browser version is 116.0.5845.42 with binary path C:\Program Files\Google\Chrome\Application\chrome.exe 
Host info: host: &apos;DESKTOP-3NE3VV9&apos;, ip: &apos;192.168.0.105&apos;
Build info: version: &apos;4.10.0&apos;, revision: &apos;c14d967899&apos;
System info: os.name: &apos;Windows 10&apos;, os.arch: &apos;amd64&apos;, os.version: &apos;10.0&apos;, java.version: &apos;17.0.8&apos;
Driver info: org.openqa.selenium.chrome.ChromeDriver
Command: [null, newSession {capabilities=[Capabilities {browserName: chrome, goog:chromeOptions: {args: [--remote-allow-origins=*], extensions: []}}]}]
	at org.openqa.selenium.remote.ProtocolHandshake.createSession(ProtocolHandshake.java:140)
	at org.openqa.selenium.remote.ProtocolHandshake.createSession(ProtocolHandshake.java:96)
	at org.openqa.selenium.remote.ProtocolHandshake.createSession(ProtocolHandshake.java:68)
	at org.openqa.selenium.remote.HttpCommandExecutor.execute(HttpCommandExecutor.java:163)
	at org.openqa.selenium.remote.service.DriverCommandExecutor.invokeExecute(DriverCommandExecutor.java:196)
	at org.openqa.selenium.remote.service.DriverCommandExecutor.execute(DriverCommandExecutor.java:171)
	at org.openqa.selenium.remote.RemoteWebDriver.execute(RemoteWebDriver.java:531)
	at org.openqa.selenium.remote.RemoteWebDriver.startSession(RemoteWebDriver.java:227)
	at org.openqa.selenium.remote.RemoteWebDriver.&lt;init&gt;(RemoteWebDriver.java:154)
	at org.openqa.selenium.chromium.ChromiumDriver.&lt;init&gt;(ChromiumDriver.java:107)
	at org.openqa.selenium.chrome.ChromeDriver.&lt;init&gt;(ChromeDriver.java:87)
	at org.openqa.selenium.chrome.ChromeDriver.&lt;init&gt;(ChromeDriver.java:82)
	at org.openqa.selenium.chrome.ChromeDriver.&lt;init&gt;(ChromeDriver.java:50)
	at com.tutorialsninja.qa.base.BaseClass.initializeBrowserandOpenAppUrl(BaseClass.java:48)
	at com.tutorialsninja.qa.tests.LoginTest.setupMethod(LoginTest.java:30)
	at java.base/java.util.ArrayList.forEach(ArrayList.java:1511)
... Removed 31 stack frames</div></td></tr></table><p class="totop"><a href="#summary">back to summary</a></p>
<h3 id="m31">com.tutorialsninja.qa.tests.LoginTest#verifyLoginwithValidEmailandInvalidPassword</h3><table class="result"><tr><th>Exception</th></tr><tr><td><div class="stacktrace">org.openqa.selenium.SessionNotCreatedException: Could not start a new session. Response code 500. Message: session not created: This version of ChromeDriver only supports Chrome version 114
Current browser version is 116.0.5845.42 with binary path C:\Program Files\Google\Chrome\Application\chrome.exe 
Host info: host: &apos;DESKTOP-3NE3VV9&apos;, ip: &apos;192.168.0.105&apos;
Build info: version: &apos;4.10.0&apos;, revision: &apos;c14d967899&apos;
System info: os.name: &apos;Windows 10&apos;, os.arch: &apos;amd64&apos;, os.version: &apos;10.0&apos;, java.version: &apos;17.0.8&apos;
Driver info: org.openqa.selenium.chrome.ChromeDriver
Command: [null, newSession {capabilities=[Capabilities {browserName: chrome, goog:chromeOptions: {args: [--remote-allow-origins=*], extensions: []}}]}]
	at org.openqa.selenium.remote.ProtocolHandshake.createSession(ProtocolHandshake.java:140)
	at org.openqa.selenium.remote.ProtocolHandshake.createSession(ProtocolHandshake.java:96)
	at org.openqa.selenium.remote.ProtocolHandshake.createSession(ProtocolHandshake.java:68)
	at org.openqa.selenium.remote.HttpCommandExecutor.execute(HttpCommandExecutor.java:163)
	at org.openqa.selenium.remote.service.DriverCommandExecutor.invokeExecute(DriverCommandExecutor.java:196)
	at org.openqa.selenium.remote.service.DriverCommandExecutor.execute(DriverCommandExecutor.java:171)
	at org.openqa.selenium.remote.RemoteWebDriver.execute(RemoteWebDriver.java:531)
	at org.openqa.selenium.remote.RemoteWebDriver.startSession(RemoteWebDriver.java:227)
	at org.openqa.selenium.remote.RemoteWebDriver.&lt;init&gt;(RemoteWebDriver.java:154)
	at org.openqa.selenium.chromium.ChromiumDriver.&lt;init&gt;(ChromiumDriver.java:107)
	at org.openqa.selenium.chrome.ChromeDriver.&lt;init&gt;(ChromeDriver.java:87)
	at org.openqa.selenium.chrome.ChromeDriver.&lt;init&gt;(ChromeDriver.java:82)
	at org.openqa.selenium.chrome.ChromeDriver.&lt;init&gt;(ChromeDriver.java:50)
	at com.tutorialsninja.qa.base.BaseClass.initializeBrowserandOpenAppUrl(BaseClass.java:48)
	at com.tutorialsninja.qa.tests.LoginTest.setupMethod(LoginTest.java:30)
	at java.base/java.util.ArrayList.forEach(ArrayList.java:1511)
... Removed 31 stack frames</div></td></tr></table><p class="totop"><a href="#summary">back to summary</a></p>
<h3 id="m32">com.tutorialsninja.qa.tests.LoginTest#verifyLoginwithoutProvidingCred</h3><table class="result"><tr><th>Exception</th></tr><tr><td><div class="stacktrace">org.openqa.selenium.SessionNotCreatedException: Could not start a new session. Response code 500. Message: session not created: This version of ChromeDriver only supports Chrome version 114
Current browser version is 116.0.5845.42 with binary path C:\Program Files\Google\Chrome\Application\chrome.exe 
Host info: host: &apos;DESKTOP-3NE3VV9&apos;, ip: &apos;192.168.0.105&apos;
Build info: version: &apos;4.10.0&apos;, revision: &apos;c14d967899&apos;
System info: os.name: &apos;Windows 10&apos;, os.arch: &apos;amd64&apos;, os.version: &apos;10.0&apos;, java.version: &apos;17.0.8&apos;
Driver info: org.openqa.selenium.chrome.ChromeDriver
Command: [null, newSession {capabilities=[Capabilities {browserName: chrome, goog:chromeOptions: {args: [--remote-allow-origins=*], extensions: []}}]}]
	at org.openqa.selenium.remote.ProtocolHandshake.createSession(ProtocolHandshake.java:140)
	at org.openqa.selenium.remote.ProtocolHandshake.createSession(ProtocolHandshake.java:96)
	at org.openqa.selenium.remote.ProtocolHandshake.createSession(ProtocolHandshake.java:68)
	at org.openqa.selenium.remote.HttpCommandExecutor.execute(HttpCommandExecutor.java:163)
	at org.openqa.selenium.remote.service.DriverCommandExecutor.invokeExecute(DriverCommandExecutor.java:196)
	at org.openqa.selenium.remote.service.DriverCommandExecutor.execute(DriverCommandExecutor.java:171)
	at org.openqa.selenium.remote.RemoteWebDriver.execute(RemoteWebDriver.java:531)
	at org.openqa.selenium.remote.RemoteWebDriver.startSession(RemoteWebDriver.java:227)
	at org.openqa.selenium.remote.RemoteWebDriver.&lt;init&gt;(RemoteWebDriver.java:154)
	at org.openqa.selenium.chromium.ChromiumDriver.&lt;init&gt;(ChromiumDriver.java:107)
	at org.openqa.selenium.chrome.ChromeDriver.&lt;init&gt;(ChromeDriver.java:87)
	at org.openqa.selenium.chrome.ChromeDriver.&lt;init&gt;(ChromeDriver.java:82)
	at org.openqa.selenium.chrome.ChromeDriver.&lt;init&gt;(ChromeDriver.java:50)
	at com.tutorialsninja.qa.base.BaseClass.initializeBrowserandOpenAppUrl(BaseClass.java:48)
	at com.tutorialsninja.qa.tests.LoginTest.setupMethod(LoginTest.java:30)
	at java.base/java.util.ArrayList.forEach(ArrayList.java:1511)
... Removed 31 stack frames</div></td></tr></table><p class="totop"><a href="#summary">back to summary</a></p>
<h3 id="m33">com.tutorialsninja.qa.tests.RegisterTest#verifyRegisterAccWithMandFields</h3><table class="result"><tr><th>Exception</th></tr><tr><td><div class="stacktrace">org.openqa.selenium.SessionNotCreatedException: Could not start a new session. Response code 500. Message: session not created: This version of ChromeDriver only supports Chrome version 114
Current browser version is 116.0.5845.42 with binary path C:\Program Files\Google\Chrome\Application\chrome.exe 
Host info: host: &apos;DESKTOP-3NE3VV9&apos;, ip: &apos;192.168.0.105&apos;
Build info: version: &apos;4.10.0&apos;, revision: &apos;c14d967899&apos;
System info: os.name: &apos;Windows 10&apos;, os.arch: &apos;amd64&apos;, os.version: &apos;10.0&apos;, java.version: &apos;17.0.8&apos;
Driver info: org.openqa.selenium.chrome.ChromeDriver
Command: [null, newSession {capabilities=[Capabilities {browserName: chrome, goog:chromeOptions: {args: [--remote-allow-origins=*], extensions: []}}]}]
	at org.openqa.selenium.remote.ProtocolHandshake.createSession(ProtocolHandshake.java:140)
	at org.openqa.selenium.remote.ProtocolHandshake.createSession(ProtocolHandshake.java:96)
	at org.openqa.selenium.remote.ProtocolHandshake.createSession(ProtocolHandshake.java:68)
	at org.openqa.selenium.remote.HttpCommandExecutor.execute(HttpCommandExecutor.java:163)
	at org.openqa.selenium.remote.service.DriverCommandExecutor.invokeExecute(DriverCommandExecutor.java:196)
	at org.openqa.selenium.remote.service.DriverCommandExecutor.execute(DriverCommandExecutor.java:171)
	at org.openqa.selenium.remote.RemoteWebDriver.execute(RemoteWebDriver.java:531)
	at org.openqa.selenium.remote.RemoteWebDriver.startSession(RemoteWebDriver.java:227)
	at org.openqa.selenium.remote.RemoteWebDriver.&lt;init&gt;(RemoteWebDriver.java:154)
	at org.openqa.selenium.chromium.ChromiumDriver.&lt;init&gt;(ChromiumDriver.java:107)
	at org.openqa.selenium.chrome.ChromeDriver.&lt;init&gt;(ChromeDriver.java:87)
	at org.openqa.selenium.chrome.ChromeDriver.&lt;init&gt;(ChromeDriver.java:82)
	at org.openqa.selenium.chrome.ChromeDriver.&lt;init&gt;(ChromeDriver.java:50)
	at com.tutorialsninja.qa.base.BaseClass.initializeBrowserandOpenAppUrl(BaseClass.java:48)
	at com.tutorialsninja.qa.tests.RegisterTest.setUpMethod(RegisterTest.java:26)
	at java.base/java.util.ArrayList.forEach(ArrayList.java:1511)
... Removed 31 stack frames</div></td></tr></table><p class="totop"><a href="#summary">back to summary</a></p>
<h3 id="m34">com.tutorialsninja.qa.tests.RegisterTest#verifyRegisteringAccwithExistingEmailAddress</h3><table class="result"><tr><th>Exception</th></tr><tr><td><div class="stacktrace">org.openqa.selenium.SessionNotCreatedException: Could not start a new session. Response code 500. Message: session not created: This version of ChromeDriver only supports Chrome version 114
Current browser version is 116.0.5845.42 with binary path C:\Program Files\Google\Chrome\Application\chrome.exe 
Host info: host: &apos;DESKTOP-3NE3VV9&apos;, ip: &apos;192.168.0.105&apos;
Build info: version: &apos;4.10.0&apos;, revision: &apos;c14d967899&apos;
System info: os.name: &apos;Windows 10&apos;, os.arch: &apos;amd64&apos;, os.version: &apos;10.0&apos;, java.version: &apos;17.0.8&apos;
Driver info: org.openqa.selenium.chrome.ChromeDriver
Command: [null, newSession {capabilities=[Capabilities {browserName: chrome, goog:chromeOptions: {args: [--remote-allow-origins=*], extensions: []}}]}]
	at org.openqa.selenium.remote.ProtocolHandshake.createSession(ProtocolHandshake.java:140)
	at org.openqa.selenium.remote.ProtocolHandshake.createSession(ProtocolHandshake.java:96)
	at org.openqa.selenium.remote.ProtocolHandshake.createSession(ProtocolHandshake.java:68)
	at org.openqa.selenium.remote.HttpCommandExecutor.execute(HttpCommandExecutor.java:163)
	at org.openqa.selenium.remote.service.DriverCommandExecutor.invokeExecute(DriverCommandExecutor.java:196)
	at org.openqa.selenium.remote.service.DriverCommandExecutor.execute(DriverCommandExecutor.java:171)
	at org.openqa.selenium.remote.RemoteWebDriver.execute(RemoteWebDriver.java:531)
	at org.openqa.selenium.remote.RemoteWebDriver.startSession(RemoteWebDriver.java:227)
	at org.openqa.selenium.remote.RemoteWebDriver.&lt;init&gt;(RemoteWebDriver.java:154)
	at org.openqa.selenium.chromium.ChromiumDriver.&lt;init&gt;(ChromiumDriver.java:107)
	at org.openqa.selenium.chrome.ChromeDriver.&lt;init&gt;(ChromeDriver.java:87)
	at org.openqa.selenium.chrome.ChromeDriver.&lt;init&gt;(ChromeDriver.java:82)
	at org.openqa.selenium.chrome.ChromeDriver.&lt;init&gt;(ChromeDriver.java:50)
	at com.tutorialsninja.qa.base.BaseClass.initializeBrowserandOpenAppUrl(BaseClass.java:48)
	at com.tutorialsninja.qa.tests.RegisterTest.setUpMethod(RegisterTest.java:26)
	at java.base/java.util.ArrayList.forEach(ArrayList.java:1511)
... Removed 31 stack frames</div></td></tr></table><p class="totop"><a href="#summary">back to summary</a></p>
<h3 id="m35">com.tutorialsninja.qa.tests.RegisterTest#verifyRegisteringAccwithoutfillingDetails</h3><table class="result"><tr><th>Exception</th></tr><tr><td><div class="stacktrace">org.openqa.selenium.SessionNotCreatedException: Could not start a new session. Response code 500. Message: session not created: This version of ChromeDriver only supports Chrome version 114
Current browser version is 116.0.5845.42 with binary path C:\Program Files\Google\Chrome\Application\chrome.exe 
Host info: host: &apos;DESKTOP-3NE3VV9&apos;, ip: &apos;192.168.0.105&apos;
Build info: version: &apos;4.10.0&apos;, revision: &apos;c14d967899&apos;
System info: os.name: &apos;Windows 10&apos;, os.arch: &apos;amd64&apos;, os.version: &apos;10.0&apos;, java.version: &apos;17.0.8&apos;
Driver info: org.openqa.selenium.chrome.ChromeDriver
Command: [null, newSession {capabilities=[Capabilities {browserName: chrome, goog:chromeOptions: {args: [--remote-allow-origins=*], extensions: []}}]}]
	at org.openqa.selenium.remote.ProtocolHandshake.createSession(ProtocolHandshake.java:140)
	at org.openqa.selenium.remote.ProtocolHandshake.createSession(ProtocolHandshake.java:96)
	at org.openqa.selenium.remote.ProtocolHandshake.createSession(ProtocolHandshake.java:68)
	at org.openqa.selenium.remote.HttpCommandExecutor.execute(HttpCommandExecutor.java:163)
	at org.openqa.selenium.remote.service.DriverCommandExecutor.invokeExecute(DriverCommandExecutor.java:196)
	at org.openqa.selenium.remote.service.DriverCommandExecutor.execute(DriverCommandExecutor.java:171)
	at org.openqa.selenium.remote.RemoteWebDriver.execute(RemoteWebDriver.java:531)
	at org.openqa.selenium.remote.RemoteWebDriver.startSession(RemoteWebDriver.java:227)
	at org.openqa.selenium.remote.RemoteWebDriver.&lt;init&gt;(RemoteWebDriver.java:154)
	at org.openqa.selenium.chromium.ChromiumDriver.&lt;init&gt;(ChromiumDriver.java:107)
	at org.openqa.selenium.chrome.ChromeDriver.&lt;init&gt;(ChromeDriver.java:87)
	at org.openqa.selenium.chrome.ChromeDriver.&lt;init&gt;(ChromeDriver.java:82)
	at org.openqa.selenium.chrome.ChromeDriver.&lt;init&gt;(ChromeDriver.java:50)
	at com.tutorialsninja.qa.base.BaseClass.initializeBrowserandOpenAppUrl(BaseClass.java:48)
	at com.tutorialsninja.qa.tests.RegisterTest.setUpMethod(RegisterTest.java:26)
	at java.base/java.util.ArrayList.forEach(ArrayList.java:1511)
... Removed 31 stack frames</div></td></tr></table><p class="totop"><a href="#summary">back to summary</a></p>
<h3 id="m36">com.tutorialsninja.qa.tests.RegisterTest#verifyRegisteringaccwithAllfields</h3><table class="result"><tr><th>Exception</th></tr><tr><td><div class="stacktrace">org.openqa.selenium.SessionNotCreatedException: Could not start a new session. Response code 500. Message: session not created: This version of ChromeDriver only supports Chrome version 114
Current browser version is 116.0.5845.42 with binary path C:\Program Files\Google\Chrome\Application\chrome.exe 
Host info: host: &apos;DESKTOP-3NE3VV9&apos;, ip: &apos;192.168.0.105&apos;
Build info: version: &apos;4.10.0&apos;, revision: &apos;c14d967899&apos;
System info: os.name: &apos;Windows 10&apos;, os.arch: &apos;amd64&apos;, os.version: &apos;10.0&apos;, java.version: &apos;17.0.8&apos;
Driver info: org.openqa.selenium.chrome.ChromeDriver
Command: [null, newSession {capabilities=[Capabilities {browserName: chrome, goog:chromeOptions: {args: [--remote-allow-origins=*], extensions: []}}]}]
	at org.openqa.selenium.remote.ProtocolHandshake.createSession(ProtocolHandshake.java:140)
	at org.openqa.selenium.remote.ProtocolHandshake.createSession(ProtocolHandshake.java:96)
	at org.openqa.selenium.remote.ProtocolHandshake.createSession(ProtocolHandshake.java:68)
	at org.openqa.selenium.remote.HttpCommandExecutor.execute(HttpCommandExecutor.java:163)
	at org.openqa.selenium.remote.service.DriverCommandExecutor.invokeExecute(DriverCommandExecutor.java:196)
	at org.openqa.selenium.remote.service.DriverCommandExecutor.execute(DriverCommandExecutor.java:171)
	at org.openqa.selenium.remote.RemoteWebDriver.execute(RemoteWebDriver.java:531)
	at org.openqa.selenium.remote.RemoteWebDriver.startSession(RemoteWebDriver.java:227)
	at org.openqa.selenium.remote.RemoteWebDriver.&lt;init&gt;(RemoteWebDriver.java:154)
	at org.openqa.selenium.chromium.ChromiumDriver.&lt;init&gt;(ChromiumDriver.java:107)
	at org.openqa.selenium.chrome.ChromeDriver.&lt;init&gt;(ChromeDriver.java:87)
	at org.openqa.selenium.chrome.ChromeDriver.&lt;init&gt;(ChromeDriver.java:82)
	at org.openqa.selenium.chrome.ChromeDriver.&lt;init&gt;(ChromeDriver.java:50)
	at com.tutorialsninja.qa.base.BaseClass.initializeBrowserandOpenAppUrl(BaseClass.java:48)
	at com.tutorialsninja.qa.tests.RegisterTest.setUpMethod(RegisterTest.java:26)
	at java.base/java.util.ArrayList.forEach(ArrayList.java:1511)
... Removed 31 stack frames</div></td></tr></table><p class="totop"><a href="#summary">back to summary</a></p>
<h3 id="m37">com.tutorialsninja.qa.tests.SearchTest#verifySearchWithInvalidProduct</h3><table class="result"><tr><th>Exception</th></tr><tr><td><div class="stacktrace">org.openqa.selenium.SessionNotCreatedException: Could not start a new session. Response code 500. Message: session not created: This version of ChromeDriver only supports Chrome version 114
Current browser version is 116.0.5845.42 with binary path C:\Program Files\Google\Chrome\Application\chrome.exe 
Host info: host: &apos;DESKTOP-3NE3VV9&apos;, ip: &apos;192.168.0.105&apos;
Build info: version: &apos;4.10.0&apos;, revision: &apos;c14d967899&apos;
System info: os.name: &apos;Windows 10&apos;, os.arch: &apos;amd64&apos;, os.version: &apos;10.0&apos;, java.version: &apos;17.0.8&apos;
Driver info: org.openqa.selenium.chrome.ChromeDriver
Command: [null, newSession {capabilities=[Capabilities {browserName: chrome, goog:chromeOptions: {args: [--remote-allow-origins=*], extensions: []}}]}]
	at org.openqa.selenium.remote.ProtocolHandshake.createSession(ProtocolHandshake.java:140)
	at org.openqa.selenium.remote.ProtocolHandshake.createSession(ProtocolHandshake.java:96)
	at org.openqa.selenium.remote.ProtocolHandshake.createSession(ProtocolHandshake.java:68)
	at org.openqa.selenium.remote.HttpCommandExecutor.execute(HttpCommandExecutor.java:163)
	at org.openqa.selenium.remote.service.DriverCommandExecutor.invokeExecute(DriverCommandExecutor.java:196)
	at org.openqa.selenium.remote.service.DriverCommandExecutor.execute(DriverCommandExecutor.java:171)
	at org.openqa.selenium.remote.RemoteWebDriver.execute(RemoteWebDriver.java:531)
	at org.openqa.selenium.remote.RemoteWebDriver.startSession(RemoteWebDriver.java:227)
	at org.openqa.selenium.remote.RemoteWebDriver.&lt;init&gt;(RemoteWebDriver.java:154)
	at org.openqa.selenium.chromium.ChromiumDriver.&lt;init&gt;(ChromiumDriver.java:107)
	at org.openqa.selenium.chrome.ChromeDriver.&lt;init&gt;(ChromeDriver.java:87)
	at org.openqa.selenium.chrome.ChromeDriver.&lt;init&gt;(ChromeDriver.java:82)
	at org.openqa.selenium.chrome.ChromeDriver.&lt;init&gt;(ChromeDriver.java:50)
	at com.tutorialsninja.qa.base.BaseClass.initializeBrowserandOpenAppUrl(BaseClass.java:48)
	at com.tutorialsninja.qa.tests.SearchTest.setUp(SearchTest.java:24)
	at java.base/java.util.ArrayList.forEach(ArrayList.java:1511)
... Removed 31 stack frames</div></td></tr></table><p class="totop"><a href="#summary">back to summary</a></p>
<h3 id="m38">com.tutorialsninja.qa.tests.SearchTest#verifySearchWithValidProduct</h3><table class="result"><tr><th>Exception</th></tr><tr><td><div class="stacktrace">org.openqa.selenium.SessionNotCreatedException: Could not start a new session. Response code 500. Message: session not created: This version of ChromeDriver only supports Chrome version 114
Current browser version is 116.0.5845.42 with binary path C:\Program Files\Google\Chrome\Application\chrome.exe 
Host info: host: &apos;DESKTOP-3NE3VV9&apos;, ip: &apos;192.168.0.105&apos;
Build info: version: &apos;4.10.0&apos;, revision: &apos;c14d967899&apos;
System info: os.name: &apos;Windows 10&apos;, os.arch: &apos;amd64&apos;, os.version: &apos;10.0&apos;, java.version: &apos;17.0.8&apos;
Driver info: org.openqa.selenium.chrome.ChromeDriver
Command: [null, newSession {capabilities=[Capabilities {browserName: chrome, goog:chromeOptions: {args: [--remote-allow-origins=*], extensions: []}}]}]
	at org.openqa.selenium.remote.ProtocolHandshake.createSession(ProtocolHandshake.java:140)
	at org.openqa.selenium.remote.ProtocolHandshake.createSession(ProtocolHandshake.java:96)
	at org.openqa.selenium.remote.ProtocolHandshake.createSession(ProtocolHandshake.java:68)
	at org.openqa.selenium.remote.HttpCommandExecutor.execute(HttpCommandExecutor.java:163)
	at org.openqa.selenium.remote.service.DriverCommandExecutor.invokeExecute(DriverCommandExecutor.java:196)
	at org.openqa.selenium.remote.service.DriverCommandExecutor.execute(DriverCommandExecutor.java:171)
	at org.openqa.selenium.remote.RemoteWebDriver.execute(RemoteWebDriver.java:531)
	at org.openqa.selenium.remote.RemoteWebDriver.startSession(RemoteWebDriver.java:227)
	at org.openqa.selenium.remote.RemoteWebDriver.&lt;init&gt;(RemoteWebDriver.java:154)
	at org.openqa.selenium.chromium.ChromiumDriver.&lt;init&gt;(ChromiumDriver.java:107)
	at org.openqa.selenium.chrome.ChromeDriver.&lt;init&gt;(ChromeDriver.java:87)
	at org.openqa.selenium.chrome.ChromeDriver.&lt;init&gt;(ChromeDriver.java:82)
	at org.openqa.selenium.chrome.ChromeDriver.&lt;init&gt;(ChromeDriver.java:50)
	at com.tutorialsninja.qa.base.BaseClass.initializeBrowserandOpenAppUrl(BaseClass.java:48)
	at com.tutorialsninja.qa.tests.SearchTest.setUp(SearchTest.java:24)
	at java.base/java.util.ArrayList.forEach(ArrayList.java:1511)
... Removed 31 stack frames</div></td></tr></table><p class="totop"><a href="#summary">back to summary</a></p>
<h3 id="m39">com.tutorialsninja.qa.tests.SearchTest#verifySearchWithoutAnyProduct</h3><table class="result"><tr><th>Exception</th></tr><tr><td><div class="stacktrace">java.lang.Throwable: Method com.tutorialsninja.qa.tests.SearchTest.verifySearchWithoutAnyProduct() on instance com.tutorialsninja.qa.tests.SearchTest@229f66ed depends on not successfully finished methods 
[com.tutorialsninja.qa.tests.SearchTest.verifySearchWithValidProduct() on instance com.tutorialsninja.qa.tests.SearchTest@229f66ed
com.tutorialsninja.qa.tests.SearchTest.verifySearchWithInvalidProduct() on instance com.tutorialsninja.qa.tests.SearchTest@229f66ed]
	at java.base/java.util.ArrayList.forEach(ArrayList.java:1511)
... Removed 18 stack frames</div></td></tr></table><p class="totop"><a href="#summary">back to summary</a></p>
</body>
</html>
